GROUP,PACKAGE,CLASS,INSTRUCTION_MISSED,INSTRUCTION_COVERED,BRANCH_MISSED,BRANCH_COVERED,LINE_MISSED,LINE_COVERED,COMPLEXITY_MISSED,COMPLEXITY_COVERED,METHOD_MISSED,METHOD_COVERED
bicipalma,edu.pingpong.bicipalma,Anclaje,0,34,0,0,0,13,0,6,0,6
bicipalma,edu.pingpong.bicipalma,Estacion,69,0,2,0,14,0,10,0,9,0
bicipalma,edu.pingpong.bicipalma,Anclajes,28,35,0,2,7,9,5,5,5,4
bicipalma,edu.pingpong.bicipalma,Bicipalma,7,0,0,0,3,0,2,0,2,0
bicipalma,edu.pingpong.bicipalma,Bicicleta,4,9,0,0,1,4,1,2,1,2
bicipalma,edu.pingpong.bicipalma,TarjetaUsuario,1,15,0,0,1,6,1,2,1,2
